<?xml version="1.0" encoding="UTF-8"?>
<!-- Generated by org.testng.reporters.JUnitXMLReporter -->
<testsuite hostname="laptop-eric" ignored="1" name="Vector2" tests="18" failures="0" timestamp="31 mai 2017 23:26:04 GMT" time="0.134" errors="0">
  <testcase name="add" time="0.016" classname="framework.math.Vector2Test"/>
  <testcase name="catmullRom" time="0.025" classname="framework.math.Vector2Test"/>
  <testcase name="constructors" time="0.002" classname="framework.math.Vector2Test"/>
  <testcase name="distanceSquared" time="0.002" classname="framework.math.Vector2Test"/>
  <testcase name="divide" time="0.001" classname="framework.math.Vector2Test"/>
  <testcase name="dotProduct" time="0.001" classname="framework.math.Vector2Test"/>
  <testcase name="hashCodeTest" time="0.002" classname="framework.math.Vector2Test"/>
  <testcase name="hermite" time="0.001" classname="framework.math.Vector2Test"/>
  <testcase name="length" time="0.001" classname="framework.math.Vector2Test"/>
  <testcase name="lengthSquared" time="0.001" classname="framework.math.Vector2Test"/>
  <testcase name="multiply" time="0.001" classname="framework.math.Vector2Test"/>
  <testcase name="normalize" time="0.001" classname="framework.math.Vector2Test"/>
  <testcase name="properties" time="0.0" classname="framework.math.Vector2Test"/>
  <testcase name="subtract" time="0.002" classname="framework.math.Vector2Test"/>
  <testcase name="toPoint" time="0.004" classname="framework.math.Vector2Test"/>
  <testcase name="toStringTest" time="0.002" classname="framework.math.Vector2Test"/>
  <testcase name="transform" time="0.006" classname="framework.math.Vector2Test"/>
  <testcase name="transformNormal" time="0.001" classname="framework.math.Vector2Test"/>
  <testcase name="typeConverter" time="0.0" classname="framework.math.Vector2Test">
    <ignored/>
  </testcase> <!-- typeConverter -->
</testsuite> <!-- Vector2 -->
