<?xml version="1.0" encoding="UTF-8"?>
<!-- Generated by org.testng.reporters.JUnitXMLReporter -->
<testsuite hostname="laptop-eric" ignored="4" name="Vector3" tests="14" failures="0" timestamp="31 mai 2017 23:26:04 GMT" time="0.067" errors="0">
  <testcase name="add" time="0.001" classname="framework.math.Vector3Test"/>
  <testcase name="constructors" time="0.001" classname="framework.math.Vector3Test"/>
  <testcase name="distanceSquared" time="0.001" classname="framework.math.Vector3Test"/>
  <testcase name="divide" time="0.002" classname="framework.math.Vector3Test"/>
  <testcase name="dotProduct" time="0.001" classname="framework.math.Vector3Test"/>
  <testcase name="hashCodeTest" time="0.003" classname="framework.math.Vector3Test"/>
  <testcase name="length" time="0.001" classname="framework.math.Vector3Test"/>
  <testcase name="lengthSquared" time="0.001" classname="framework.math.Vector3Test"/>
  <testcase name="multiply" time="0.003" classname="framework.math.Vector3Test"/>
  <testcase name="normalize" time="0.003" classname="framework.math.Vector3Test"/>
  <testcase name="properties" time="0.001" classname="framework.math.Vector3Test"/>
  <testcase name="subtract" time="0.001" classname="framework.math.Vector3Test"/>
  <testcase name="toStringTest" time="0.002" classname="framework.math.Vector3Test"/>
  <testcase name="transform" time="0.003" classname="framework.math.Vector3Test"/>
  <testcase name="transformNormal" time="0.0" classname="framework.math.Vector3Test">
    <ignored/>
  </testcase> <!-- transformNormal -->
  <testcase name="typeConverter" time="0.0" classname="framework.math.Vector3Test">
    <ignored/>
  </testcase> <!-- typeConverter -->
  <testcase name="catmullRom" time="0.0" classname="framework.math.Vector3Test">
    <ignored/>
  </testcase> <!-- catmullRom -->
  <testcase name="hermite" time="0.0" classname="framework.math.Vector3Test">
    <ignored/>
  </testcase> <!-- hermite -->
</testsuite> <!-- Vector3 -->
