<?xml version="1.0" encoding="UTF-8"?>
<!-- Generated by org.testng.reporters.JUnitXMLReporter -->
<testsuite hostname="laptop-eric" ignored="0" name="BoundingBox" tests="3" failures="0" timestamp="30 juin 2017 03:03:35 GMT" time="0.108" errors="0">
  <testcase name="BoundingBoxContainsBoundingSphere" time="0.096" classname="framework.BoundingBoxTest"/>
  <testcase name="BoxContainsIdenticalBox" time="0.001" classname="framework.BoundingBoxTest"/>
  <testcase name="boxContainsVector3Test" time="0.001" classname="framework.BoundingBoxTest"/>
</testsuite> <!-- BoundingBox -->
