<?xml version="1.0" encoding="UTF-8"?>
<!-- Generated by org.testng.reporters.JUnitXMLReporter -->
<testsuite hostname="laptop-eric" ignored="0" name="BoundingFrustum" tests="2" failures="0" timestamp="30 juin 2017 03:03:35 GMT" time="0.145" errors="0">
  <testcase name="BoundingFrustumToBoundingBoxTests" time="0.078" classname="framework.BoundingFrustumTest"/>
  <testcase name="BoundingFrustumToBoundingFrustumTests" time="0.064" classname="framework.BoundingFrustumTest"/>
</testsuite> <!-- BoundingFrustum -->
