<?xml version="1.0" encoding="UTF-8"?>
<!-- Generated by org.testng.reporters.JUnitXMLReporter -->
<testsuite hostname="laptop-eric" ignored="0" name="Color" tests="23" failures="0" timestamp="30 juin 2017 03:03:35 GMT" time="0.057" errors="0">
  <testcase name="ctor_Explicit" time="0.001" classname="framework.ColorTest"/>
  <testcase name="ctor_Explicit" time="0.0" classname="framework.ColorTest"/>
  <testcase name="ctor_Explicit" time="0.001" classname="framework.ColorTest"/>
  <testcase name="ctor_Explicit" time="0.001" classname="framework.ColorTest"/>
  <testcase name="ctor_Explicit" time="0.0" classname="framework.ColorTest"/>
  <testcase name="ctor_Explicit" time="0.0" classname="framework.ColorTest"/>
  <testcase name="ctor_Explicit" time="0.001" classname="framework.ColorTest"/>
  <testcase name="ctor_Explicit" time="0.001" classname="framework.ColorTest"/>
  <testcase name="ctor_Explicit" time="0.0" classname="framework.ColorTest"/>
  <testcase name="ctor_Explicit" time="0.0" classname="framework.ColorTest"/>
  <testcase name="ctor_Explicit" time="0.002" classname="framework.ColorTest"/>
  <testcase name="ctor_Explicit" time="0.0" classname="framework.ColorTest"/>
  <testcase name="ctor_Explicit" time="0.001" classname="framework.ColorTest"/>
  <testcase name="ctor_Explicit" time="0.001" classname="framework.ColorTest"/>
  <testcase name="ctor_Explicit" time="0.0" classname="framework.ColorTest"/>
  <testcase name="ctor_Explicit" time="0.005" classname="framework.ColorTest"/>
  <testcase name="ctor_Explicit" time="0.001" classname="framework.ColorTest"/>
  <testcase name="ctor_Explicit" time="0.002" classname="framework.ColorTest"/>
  <testcase name="ctor_Packed" time="0.002" classname="framework.ColorTest"/>
  <testcase name="fromNonPremultiplied_Float" time="0.001" classname="framework.ColorTest"/>
  <testcase name="fromNonPremultiplied_Int" time="0.0" classname="framework.ColorTest"/>
  <testcase name="lerp" time="0.001" classname="framework.ColorTest"/>
  <testcase name="multiply" time="0.002" classname="framework.ColorTest"/>
</testsuite> <!-- Color -->
