<?xml version="1.0" encoding="UTF-8"?>
<!-- Generated by org.testng.reporters.JUnitXMLReporter -->
<testsuite hostname="laptop-eric" ignored="0" name="Rectangle" tests="10" failures="0" timestamp="30 juin 2017 03:03:35 GMT" time="0.028" errors="0">
  <testcase name="constructorsAndProperties" time="0.002" classname="framework.RectangleTest"/>
  <testcase name="containsFloats" time="0.0" classname="framework.RectangleTest"/>
  <testcase name="containsInts" time="0.001" classname="framework.RectangleTest"/>
  <testcase name="containsPoint" time="0.0" classname="framework.RectangleTest"/>
  <testcase name="containsRectangle" time="0.0" classname="framework.RectangleTest"/>
  <testcase name="containsVector2" time="0.002" classname="framework.RectangleTest"/>
  <testcase name="inflate" time="0.0" classname="framework.RectangleTest"/>
  <testcase name="intersect" time="0.0" classname="framework.RectangleTest"/>
  <testcase name="toStringTest" time="0.003" classname="framework.RectangleTest"/>
  <testcase name="union" time="0.001" classname="framework.RectangleTest"/>
</testsuite> <!-- Rectangle -->
