<?xml version="1.0" encoding="UTF-8"?>
<!-- Generated by org.testng.reporters.JUnitXMLReporter -->
<testsuite hostname="laptop-eric" ignored="4" name="Vector4" tests="14" failures="0" timestamp="30 juin 2017 03:03:34 GMT" time="0.127" errors="0">
  <testcase name="add" time="0.004" classname="framework.math.Vector4Test"/>
  <testcase name="constructors" time="0.036" classname="framework.math.Vector4Test"/>
  <testcase name="distanceSquared" time="0.005" classname="framework.math.Vector4Test"/>
  <testcase name="divide" time="0.004" classname="framework.math.Vector4Test"/>
  <testcase name="dotProduct" time="0.003" classname="framework.math.Vector4Test"/>
  <testcase name="hashCodeTest" time="0.008" classname="framework.math.Vector4Test"/>
  <testcase name="hermite" time="0.001" classname="framework.math.Vector4Test"/>
  <testcase name="length" time="0.004" classname="framework.math.Vector4Test"/>
  <testcase name="lengthSquared" time="0.001" classname="framework.math.Vector4Test"/>
  <testcase name="multiply" time="0.001" classname="framework.math.Vector4Test"/>
  <testcase name="normalize" time="0.001" classname="framework.math.Vector4Test"/>
  <testcase name="properties" time="0.001" classname="framework.math.Vector4Test"/>
  <testcase name="subtract" time="0.001" classname="framework.math.Vector4Test"/>
  <testcase name="toStringTest" time="0.004" classname="framework.math.Vector4Test"/>
  <testcase name="typeConverter" time="0.0" classname="framework.math.Vector4Test">
    <ignored/>
  </testcase> <!-- typeConverter -->
  <testcase name="transform" time="0.0" classname="framework.math.Vector4Test">
    <ignored/>
  </testcase> <!-- transform -->
  <testcase name="catmullRom" time="0.0" classname="framework.math.Vector4Test">
    <ignored/>
  </testcase> <!-- catmullRom -->
  <testcase name="transformNormal" time="0.0" classname="framework.math.Vector4Test">
    <ignored/>
  </testcase> <!-- transformNormal -->
</testsuite> <!-- Vector4 -->
